        -:    0:Source:life.c
        -:    0:Graph:life.gcno
        -:    0:Data:life.gcda
        -:    0:Runs:1
        -:    0:Programs:1
        -:    1:/*****************************************************************************
        -:    2: * life.c
        -:    3: * Parallelized and optimized implementation of the game of life resides here
        -:    4: ****************************************************************************/
        -:    5:#include "life.h"
        -:    6:#include "util.h"
        -:    7:
        -:    8:/*****************************************************************************
        -:    9: * Helper function definitions
        -:   10: ****************************************************************************/
        -:   11:
        -:   12:/*****************************************************************************
        -:   13: * Game of life implementation
        -:   14: ****************************************************************************/
        -:   15:char*
function game_of_life called 1 returned 100% blocks executed 100%
        1:   16:game_of_life (char* outboard, 
        -:   17:	      char* inboard,
        -:   18:	      const int nrows,
        -:   19:	      const int ncols,
        -:   20:	      const int gens_max)
        -:   21:{
        1:   22:  return sequential_game_of_life (outboard, inboard, nrows, ncols, gens_max);
call    0 returned 100%
        -:   23:}
